<?xml version="1.0" encoding="UTF-8"?>
<testsuite hostname="Zuse.local" name="test.org.osgi.test.cases.configurator" target="reference:file:/Users/aqute/Ws/apache/felix-dev/workspace/test-configurator/org.osgi.test.cases.configurator.jar" timestamp="2020-07-16T15:56:37.385" framework="org.eclipse.osgi_3.13.0.v20180409-1500 [0]" framework-version="3.13.0.v20180409-1500" tests="26" failures="0" errors="0" time="1.490">
  <properties>
[...]
</properties>
  <testcase classname="org.osgi.test.cases.configurator.junit.ConfiguratorInitTestCase" name="testInitialConfigRequiresVersion" time="0.115"/>
  <testcase classname="org.osgi.test.cases.configurator.junit.ConfiguratorInitTestCase" name="testInitialConfigRequiresSymbolicname" time="0.74"/>
  <testcase classname="org.osgi.test.cases.configurator.junit.ConfiguratorInitTestCase" name="testInitialConfigFile" time="0.88"/>
  <testcase classname="org.osgi.test.cases.configurator.junit.ConfiguratorInitTestCase" name="testInitialConfig" time="0.79"/>
  <testcase classname="org.osgi.test.cases.configurator.junit.ConfiguratorTestCase" name="testExplicitDatatypes" time="0.81"/>
  <testcase classname="org.osgi.test.cases.configurator.junit.ConfiguratorTestCase" name="testCollectionsImplicit" time="0.17"/>
  <testcase classname="org.osgi.test.cases.configurator.junit.ConfiguratorTestCase" name="testForceOverwrite2" time="0.61"/>
  <testcase classname="org.osgi.test.cases.configurator.junit.ConfiguratorTestCase" name="testNoRequirement" time="0.3"/>
  <testcase classname="org.osgi.test.cases.configurator.junit.ConfiguratorTestCase" name="testForceOverwrite" time="0.12"/>
  <testcase classname="org.osgi.test.cases.configurator.junit.ConfiguratorTestCase" name="testArraysSpecificBoxed" time="0.50"/>
  <testcase classname="org.osgi.test.cases.configurator.junit.ConfiguratorTestCase" name="testOverwriteRemove" time="0.52"/>
  <testcase classname="org.osgi.test.cases.configurator.junit.ConfiguratorTestCase" name="testConfigNestingForce" time="0.46"/>
  <testcase classname="org.osgi.test.cases.configurator.junit.ConfiguratorTestCase" name="testOverwrite" time="0.24"/>
  <testcase classname="org.osgi.test.cases.configurator.junit.ConfiguratorTestCase" name="testArraysSpecificPrimitive" time="0.41"/>
  <testcase classname="org.osgi.test.cases.configurator.junit.ConfiguratorTestCase" name="testFactoryConfigurations" time="0.43"/>
  <testcase classname="org.osgi.test.cases.configurator.junit.ConfiguratorTestCase" name="testConfigNestingNoForce" time="0.64"/>
  <testcase classname="org.osgi.test.cases.configurator.junit.ConfiguratorTestCase" name="testRanking" time="0.33"/>
  <testcase classname="org.osgi.test.cases.configurator.junit.ConfiguratorTestCase" name="testImplicitDatatypes" time="0.46"/>
  <testcase classname="org.osgi.test.cases.configurator.junit.ConfiguratorTestCase" name="testArraysBasic" time="0.8"/>
  <testcase classname="org.osgi.test.cases.configurator.junit.ConfiguratorTestCase" name="testCollectionsSpecific" time="0.15"/>
  <testcase classname="org.osgi.test.cases.configurator.junit.ConfiguratorTestCase" name="testIgnoreRemove" time="0.46"/>
  <testcase classname="org.osgi.test.cases.configurator.junit.ConfiguratorTestCase" name="testUpdateConfigBundle" time="0.47"/>
  <testcase classname="org.osgi.test.cases.configurator.junit.ConfiguratorTestCase" name="testIgnoreComments" time="0.46"/>
  <testcase classname="org.osgi.test.cases.configurator.junit.ConfiguratorTestCase" name="testBinaries" time="0.19"/>
  <testcase classname="org.osgi.test.cases.configurator.junit.ConfiguratorTestCase" name="testBasicConfigurationLifecycle" time="0.96"/>
  <testcase classname="org.osgi.test.cases.configurator.junit.ConfiguratorTestCase" name="testIgnoreOverwrite" time="0.5"/>
</testsuite>